[2023-06-22T11:48:27.279+0000] {taskinstance.py:1103} INFO - Dependencies all met for dep_context=non-requeueable deps ti=<TaskInstance: airflow_dbt.dbt_task.source.development.sales_stage.products manual__2023-06-22T11:47:59.688254+00:00 [queued]>
[2023-06-22T11:48:27.287+0000] {taskinstance.py:1103} INFO - Dependencies all met for dep_context=requeueable deps ti=<TaskInstance: airflow_dbt.dbt_task.source.development.sales_stage.products manual__2023-06-22T11:47:59.688254+00:00 [queued]>
[2023-06-22T11:48:27.287+0000] {taskinstance.py:1308} INFO - Starting attempt 1 of 1
[2023-06-22T11:48:27.329+0000] {taskinstance.py:1327} INFO - Executing <Task(BashOperator): dbt_task.source.development.sales_stage.products> on 2023-06-22 11:47:59.688254+00:00
[2023-06-22T11:48:27.333+0000] {standard_task_runner.py:57} INFO - Started process 83632 to run task
[2023-06-22T11:48:27.338+0000] {standard_task_runner.py:84} INFO - Running: ['airflow', 'tasks', 'run', 'airflow_dbt', 'dbt_task.source.development.sales_stage.products', 'manual__2023-06-22T11:47:59.688254+00:00', '--job-id', '223', '--raw', '--subdir', 'DAGS_FOLDER/dbt_dag.py', '--cfg-path', '/tmp/tmp7o8fu1wr']
[2023-06-22T11:48:27.339+0000] {standard_task_runner.py:85} INFO - Job 223: Subtask dbt_task.source.development.sales_stage.products
[2023-06-22T11:48:27.398+0000] {task_command.py:410} INFO - Running <TaskInstance: airflow_dbt.dbt_task.source.development.sales_stage.products manual__2023-06-22T11:47:59.688254+00:00 [running]> on host ubuntu.thbnzb0d3dmuziyfg2t53bofqb.tx.internal.cloudapp.net
[2023-06-22T11:48:27.685+0000] {taskinstance.py:1545} INFO - Exporting env vars: AIRFLOW_CTX_DAG_OWNER='airflow' AIRFLOW_CTX_DAG_ID='airflow_dbt' AIRFLOW_CTX_TASK_ID='dbt_task.source.development.sales_stage.products' AIRFLOW_CTX_EXECUTION_DATE='2023-06-22T11:47:59.688254+00:00' AIRFLOW_CTX_TRY_NUMBER='1' AIRFLOW_CTX_DAG_RUN_ID='manual__2023-06-22T11:47:59.688254+00:00'
[2023-06-22T11:48:27.686+0000] {subprocess.py:63} INFO - Tmp dir root location: 
 /tmp
[2023-06-22T11:48:27.686+0000] {subprocess.py:75} INFO - Running command: ['/usr/bin/bash', '-c', "cd /home/satyam/airflow/dags/dbt/ && dbt run --models bronze_products --vars 'run_date: 2023-06-22T00:00:00+00:00'"]
[2023-06-22T11:48:27.695+0000] {subprocess.py:86} INFO - Output:
[2023-06-22T11:48:30.241+0000] {subprocess.py:93} INFO - [0m11:48:30  Running with dbt=1.5.1
[2023-06-22T11:48:30.633+0000] {subprocess.py:93} INFO - [0m11:48:30  [[33mWARNING[0m]: Configuration paths exist in your dbt_project.yml file which do not apply to any resources.
[2023-06-22T11:48:30.633+0000] {subprocess.py:93} INFO - There are 3 unused configuration paths:
[2023-06-22T11:48:30.634+0000] {subprocess.py:93} INFO - - models.development.intermediate
[2023-06-22T11:48:30.634+0000] {subprocess.py:93} INFO - - models.development.bronze
[2023-06-22T11:48:30.634+0000] {subprocess.py:93} INFO - - models.development.staging
[2023-06-22T11:48:30.653+0000] {subprocess.py:93} INFO - [0m11:48:30  Found 7 models, 0 tests, 0 snapshots, 0 analyses, 321 macros, 0 operations, 0 seed files, 4 sources, 0 exposures, 0 metrics, 0 groups
[2023-06-22T11:48:30.656+0000] {subprocess.py:93} INFO - [0m11:48:30
[2023-06-22T11:48:31.786+0000] {subprocess.py:93} INFO - [0m11:48:31  Concurrency: 1 threads (target='dev')
[2023-06-22T11:48:31.786+0000] {subprocess.py:93} INFO - [0m11:48:31
[2023-06-22T11:48:31.792+0000] {subprocess.py:93} INFO - [0m11:48:31  1 of 1 START sql incremental model final_sales.bronze_products ................. [RUN]
[2023-06-22T11:48:32.306+0000] {subprocess.py:93} INFO - [0m11:48:32  1 of 1 ERROR creating sql incremental model final_sales.bronze_products ........ [[31mERROR[0m in 0.51s]
[2023-06-22T11:48:32.310+0000] {subprocess.py:93} INFO - [0m11:48:32
[2023-06-22T11:48:32.310+0000] {subprocess.py:93} INFO - [0m11:48:32  Finished running 1 incremental model in 0 hours 0 minutes and 1.65 seconds (1.65s).
[2023-06-22T11:48:32.323+0000] {subprocess.py:93} INFO - [0m11:48:32
[2023-06-22T11:48:32.323+0000] {subprocess.py:93} INFO - [0m11:48:32  [31mCompleted with 1 error and 0 warnings:[0m
[2023-06-22T11:48:32.324+0000] {subprocess.py:93} INFO - [0m11:48:32
[2023-06-22T11:48:32.325+0000] {subprocess.py:93} INFO - [0m11:48:32  [33mDatabase Error in model bronze_products (models/sales/bronze/bronze_products.sql)[0m
[2023-06-22T11:48:32.325+0000] {subprocess.py:93} INFO - [0m11:48:32    001003 (42000): SQL compilation error:
[2023-06-22T11:48:32.326+0000] {subprocess.py:93} INFO - [0m11:48:32    syntax error line 7 at position 16 unexpected '00'.
[2023-06-22T11:48:32.327+0000] {subprocess.py:93} INFO - [0m11:48:32    syntax error line 7 at position 28 unexpected '00'.
[2023-06-22T11:48:32.327+0000] {subprocess.py:93} INFO - [0m11:48:32    compiled Code at target/run/development/models/sales/bronze/bronze_products.sql
[2023-06-22T11:48:32.328+0000] {subprocess.py:93} INFO - [0m11:48:32
[2023-06-22T11:48:32.328+0000] {subprocess.py:93} INFO - [0m11:48:32  Done. PASS=0 WARN=0 ERROR=1 SKIP=0 TOTAL=1
[2023-06-22T11:48:33.599+0000] {subprocess.py:97} INFO - Command exited with return code 1
[2023-06-22T11:48:33.608+0000] {taskinstance.py:1824} ERROR - Task failed with exception
Traceback (most recent call last):
  File "/usr/local/lib/python3.8/dist-packages/airflow/operators/bash.py", line 210, in execute
    raise AirflowException(
airflow.exceptions.AirflowException: Bash command failed. The command returned a non-zero exit code 1.
[2023-06-22T11:48:33.611+0000] {taskinstance.py:1345} INFO - Marking task as FAILED. dag_id=airflow_dbt, task_id=dbt_task.source.development.sales_stage.products, execution_date=20230622T114759, start_date=20230622T114827, end_date=20230622T114833
[2023-06-22T11:48:33.647+0000] {standard_task_runner.py:104} ERROR - Failed to execute job 223 for task dbt_task.source.development.sales_stage.products (Bash command failed. The command returned a non-zero exit code 1.; 83632)
[2023-06-22T11:48:33.684+0000] {local_task_job_runner.py:225} INFO - Task exited with return code 1
[2023-06-22T11:48:33.839+0000] {taskinstance.py:2651} INFO - 0 downstream tasks scheduled from follow-on schedule check
